  bg.cpp
  bullet.cpp
c:\users\ogawanagisa\desktop\githal\hew_teamcattingedge\2022_hew_プロトタイプ\bullet.cpp(63): warning C4805: '==': 演算中の 'int' 型と 'bool' 型の混用は安全ではありません
c:\users\ogawanagisa\desktop\githal\hew_teamcattingedge\2022_hew_プロトタイプ\bullet.cpp(88): warning C4805: '==': 演算中の 'int' 型と 'bool' 型の混用は安全ではありません
  camera.cpp
  collision.cpp
  enemy.cpp
c:\users\ogawanagisa\desktop\githal\hew_teamcattingedge\2022_hew_プロトタイプ\enemy.cpp(63): warning C4805: '==': 演算中の 'int' 型と 'bool' 型の混用は安全ではありません
c:\users\ogawanagisa\desktop\githal\hew_teamcattingedge\2022_hew_プロトタイプ\enemy.cpp(116): warning C4805: '==': 演算中の 'int' 型と 'bool' 型の混用は安全ではありません
c:\users\ogawanagisa\desktop\githal\hew_teamcattingedge\2022_hew_プロトタイプ\enemy.cpp(153): warning C4244: '=': 'double' から 'FLOAT' への変換です。データが失われる可能性があります。
c:\users\ogawanagisa\desktop\githal\hew_teamcattingedge\2022_hew_プロトタイプ\enemy.cpp(154): warning C4244: '=': 'double' から 'FLOAT' への変換です。データが失われる可能性があります。
  enemy_cloud.cpp
c:\users\ogawanagisa\desktop\githal\hew_teamcattingedge\2022_hew_プロトタイプ\enemy_cloud.h(22): warning C4244: '=': 'double' から 'float' への変換です。データが失われる可能性があります。
c:\users\ogawanagisa\desktop\githal\hew_teamcattingedge\2022_hew_プロトタイプ\enemy_cloud.h(23): warning C4244: '=': 'double' から 'float' への変換です。データが失われる可能性があります。
  enemyemitter.cpp
  fade.cpp
  game.cpp
  gameover.cpp
  goal.cpp
  input.cpp
  inputx.cpp
  main.cpp
  number.cpp
  player.cpp
  polygon.cpp
  renderer.cpp
  result.cpp
  sprite.cpp
  コードを生成中...
  コンパイル中...
  texture.cpp
  title.cpp
  コードを生成中...
  DX21_Sample15.vcxproj -> C:\Users\OgawaNagisa\Desktop\GitHal\HEW_TeamCattingEdge\2022_HEW_プロトタイプ\x64\Debug\DX21_Sample15.exe
